<?xml version="1.0" encoding="UTF-8"?>
<!-- Generated by org.testng.reporters.JUnitReportReporter -->
<testsuite skipped="0" hostname="LAPTOP-FFQ1AJ6B" name="Test.TestHomePageFea" tests="1" failures="0" timestamp="15 Oct 2017 02:06:00 GMT" time="22.609" errors="0">
  <testcase name="LoginFeatures" time="22.609" classname="Test.TestHomePageFea"/>
</testsuite> <!-- Test.TestHomePageFea -->
