<?xml version="1.0" encoding="UTF-8"?>
<!-- Generated by org.testng.reporters.JUnitReportReporter -->
<testsuite skipped="0" hostname="LAPTOP-FFQ1AJ6B" name="Test.TestSearchOption" tests="7" failures="0" timestamp="15 Oct 2017 02:06:00 GMT" time="115.906" errors="0">
  <testcase name="SearchFeatures_5" time="13.280" classname="Test.TestSearchOption"/>
  <testcase name="SearchFeatures_7" time="16.311" classname="Test.TestSearchOption"/>
  <testcase name="SearchFeatures_4" time="12.633" classname="Test.TestSearchOption"/>
  <testcase name="SearchFeatures_3" time="11.332" classname="Test.TestSearchOption"/>
  <testcase name="SearchFeatures_1" time="11.058" classname="Test.TestSearchOption"/>
  <testcase name="SearchFeatures_6" time="16.182" classname="Test.TestSearchOption"/>
  <testcase name="SearchFeatures_2" time="35.110" classname="Test.TestSearchOption"/>
</testsuite> <!-- Test.TestSearchOption -->
